This file contains any messages produced by compilers while
running configure, to aid debugging if configure makes a mistake.

It was created by configure, which was
generated by GNU Autoconf 2.59.  Invocation command line was

  $ ./configure 

## --------- ##
## Platform. ##
## --------- ##

hostname = paolo
uname -m = ppc
uname -r = 2.6.15-20-powerpc
uname -s = Linux
uname -v = #1 Tue Apr 4 17:47:49 UTC 2006

/usr/bin/uname -p = unknown
/bin/uname -X     = unknown

/bin/arch              = ppc
/usr/bin/arch -k       = unknown
/usr/convex/getsysinfo = unknown
hostinfo               = unknown
/bin/machine           = unknown
/usr/bin/oslevel       = unknown
/bin/universe          = unknown

PATH: /usr/local/sbin
PATH: /usr/local/bin
PATH: /usr/sbin
PATH: /usr/bin
PATH: /sbin
PATH: /bin
PATH: /usr/bin/X11
PATH: /usr/games


## ----------- ##
## Core tests. ##
## ----------- ##

configure:1539: checking for a BSD-compatible install
configure:1594: result: /usr/bin/install -c
configure:1605: checking whether build environment is sane
configure:1648: result: yes
configure:1713: checking for gawk
configure:1742: result: no
configure:1713: checking for mawk
configure:1729: found /usr/bin/mawk
configure:1739: result: mawk
configure:1749: checking whether make sets $(MAKE)
configure:1769: result: yes
configure:1990: checking for gcc
configure:2006: found /usr/bin/gcc
configure:2016: result: gcc
configure:2260: checking for C compiler version
configure:2263: gcc --version </dev/null >&5
gcc (GCC) 4.0.3 (Ubuntu 4.0.3-1ubuntu4)
Copyright (C) 2006 Free Software Foundation, Inc.
This is free software; see the source for copying conditions.  There is NO
warranty; not even for MERCHANTABILITY or FITNESS FOR A PARTICULAR PURPOSE.

configure:2266: $? = 0
configure:2268: gcc -v </dev/null >&5
Using built-in specs.
Target: powerpc-linux-gnu
Configured with: ../src/configure -v --enable-languages=c,c++,java,f95,objc,ada,treelang --prefix=/usr --enable-shared --with-system-zlib --libexecdir=/usr/lib --without-included-gettext --enable-threads=posix --enable-nls --program-suffix=-4.0 --enable-__cxa_atexit --enable-clocale=gnu --enable-libstdcxx-debug --enable-java-awt=gtk-default --enable-gtk-cairo --with-java-home=/usr/lib/jvm/java-1.4.2-gcj-4.0-1.4.2.0/jre --enable-mpfr --disable-softfloat --enable-targets=powerpc-linux,powerpc64-linux --with-cpu=default32 --disable-werror --enable-checking=release powerpc-linux-gnu
Thread model: posix
gcc version 4.0.3 (Ubuntu 4.0.3-1ubuntu4)
configure:2271: $? = 0
configure:2273: gcc -V </dev/null >&5
gcc: '-V' option must have argument
configure:2276: $? = 1
configure:2299: checking for C compiler default output file name
configure:2302: gcc    conftest.c  >&5
configure:2305: $? = 0
configure:2351: result: a.out
configure:2356: checking whether the C compiler works
configure:2362: ./a.out
configure:2365: $? = 0
configure:2382: result: yes
configure:2389: checking whether we are cross compiling
configure:2391: result: no
configure:2394: checking for suffix of executables
configure:2396: gcc -o conftest    conftest.c  >&5
configure:2399: $? = 0
configure:2424: result: 
configure:2430: checking for suffix of object files
configure:2451: gcc -c   conftest.c >&5
configure:2454: $? = 0
configure:2476: result: o
configure:2480: checking whether we are using the GNU C compiler
configure:2504: gcc -c   conftest.c >&5
configure:2510: $? = 0
configure:2514: test -z 
			 || test ! -s conftest.err
configure:2517: $? = 0
configure:2520: test -s conftest.o
configure:2523: $? = 0
configure:2536: result: yes
configure:2542: checking whether gcc accepts -g
configure:2563: gcc -c -g  conftest.c >&5
configure:2569: $? = 0
configure:2573: test -z 
			 || test ! -s conftest.err
configure:2576: $? = 0
configure:2579: test -s conftest.o
configure:2582: $? = 0
configure:2593: result: yes
configure:2610: checking for gcc option to accept ANSI C
configure:2680: gcc  -c -g -O2  conftest.c >&5
configure:2686: $? = 0
configure:2690: test -z 
			 || test ! -s conftest.err
configure:2693: $? = 0
configure:2696: test -s conftest.o
configure:2699: $? = 0
configure:2717: result: none needed
configure:2735: gcc -c -g -O2  conftest.c >&5
conftest.c:2: error: syntax error before 'me'
configure:2741: $? = 1
configure: failed program was:
| #ifndef __cplusplus
|   choke me
| #endif
configure:2885: checking for style of include used by make
configure:2913: result: GNU
configure:2941: checking dependency style of gcc
configure:3031: result: gcc3
configure:3126: checking build system type
configure:3144: result: powerpc-unknown-linux-gnu
configure:3152: checking host system type
configure:3166: result: powerpc-unknown-linux-gnu
configure:3174: checking for a sed that does not truncate output
configure:3228: result: /bin/sed
configure:3231: checking for egrep
configure:3241: result: grep -E
configure:3257: checking for ld used by gcc
configure:3324: result: /usr/bin/ld
configure:3333: checking if the linker (/usr/bin/ld) is GNU ld
configure:3348: result: yes
configure:3353: checking for /usr/bin/ld option to reload object files
configure:3360: result: -r
configure:3378: checking for BSD-compatible nm
configure:3420: result: /usr/bin/nm -B
configure:3424: checking whether ln -s works
configure:3428: result: yes
configure:3435: checking how to recognise dependent libraries
configure:3607: result: pass_all
configure:3692: gcc -c -g -O2  conftest.c >&5
configure:3695: $? = 0
configure:3839: checking how to run the C preprocessor
configure:3874: gcc -E  conftest.c
configure:3880: $? = 0
configure:3912: gcc -E  conftest.c
conftest.c:11:28: error: ac_nonexistent.h: No such file or directory
configure:3918: $? = 1
configure: failed program was:
| /* confdefs.h.  */
| 
| #define PACKAGE_NAME ""
| #define PACKAGE_TARNAME ""
| #define PACKAGE_VERSION ""
| #define PACKAGE_STRING ""
| #define PACKAGE_BUGREPORT ""
| #define PACKAGE "fusecram"
| #define VERSION "20051029"
| /* end confdefs.h.  */
| #include <ac_nonexistent.h>
configure:3957: result: gcc -E
configure:3981: gcc -E  conftest.c
configure:3987: $? = 0
configure:4019: gcc -E  conftest.c
conftest.c:11:28: error: ac_nonexistent.h: No such file or directory
configure:4025: $? = 1
configure: failed program was:
| /* confdefs.h.  */
| 
| #define PACKAGE_NAME ""
| #define PACKAGE_TARNAME ""
| #define PACKAGE_VERSION ""
| #define PACKAGE_STRING ""
| #define PACKAGE_BUGREPORT ""
| #define PACKAGE "fusecram"
| #define VERSION "20051029"
| /* end confdefs.h.  */
| #include <ac_nonexistent.h>
configure:4069: checking for ANSI C header files
configure:4094: gcc -c -g -O2  conftest.c >&5
configure:4100: $? = 0
configure:4104: test -z 
			 || test ! -s conftest.err
configure:4107: $? = 0
configure:4110: test -s conftest.o
configure:4113: $? = 0
configure:4202: gcc -o conftest -g -O2   conftest.c  >&5
conftest.c: In function 'main':
conftest.c:28: warning: incompatible implicit declaration of built-in function 'exit'
configure:4205: $? = 0
configure:4207: ./conftest
configure:4210: $? = 0
configure:4225: result: yes
configure:4249: checking for sys/types.h
configure:4265: gcc -c -g -O2  conftest.c >&5
configure:4271: $? = 0
configure:4275: test -z 
			 || test ! -s conftest.err
configure:4278: $? = 0
configure:4281: test -s conftest.o
configure:4284: $? = 0
configure:4295: result: yes
configure:4249: checking for sys/stat.h
configure:4265: gcc -c -g -O2  conftest.c >&5
configure:4271: $? = 0
configure:4275: test -z 
			 || test ! -s conftest.err
configure:4278: $? = 0
configure:4281: test -s conftest.o
configure:4284: $? = 0
configure:4295: result: yes
configure:4249: checking for stdlib.h
configure:4265: gcc -c -g -O2  conftest.c >&5
configure:4271: $? = 0
configure:4275: test -z 
			 || test ! -s conftest.err
configure:4278: $? = 0
configure:4281: test -s conftest.o
configure:4284: $? = 0
configure:4295: result: yes
configure:4249: checking for string.h
configure:4265: gcc -c -g -O2  conftest.c >&5
configure:4271: $? = 0
configure:4275: test -z 
			 || test ! -s conftest.err
configure:4278: $? = 0
configure:4281: test -s conftest.o
configure:4284: $? = 0
configure:4295: result: yes
configure:4249: checking for memory.h
configure:4265: gcc -c -g -O2  conftest.c >&5
configure:4271: $? = 0
configure:4275: test -z 
			 || test ! -s conftest.err
configure:4278: $? = 0
configure:4281: test -s conftest.o
configure:4284: $? = 0
configure:4295: result: yes
configure:4249: checking for strings.h
configure:4265: gcc -c -g -O2  conftest.c >&5
configure:4271: $? = 0
configure:4275: test -z 
			 || test ! -s conftest.err
configure:4278: $? = 0
configure:4281: test -s conftest.o
configure:4284: $? = 0
configure:4295: result: yes
configure:4249: checking for inttypes.h
configure:4265: gcc -c -g -O2  conftest.c >&5
configure:4271: $? = 0
configure:4275: test -z 
			 || test ! -s conftest.err
configure:4278: $? = 0
configure:4281: test -s conftest.o
configure:4284: $? = 0
configure:4295: result: yes
configure:4249: checking for stdint.h
configure:4265: gcc -c -g -O2  conftest.c >&5
configure:4271: $? = 0
configure:4275: test -z 
			 || test ! -s conftest.err
configure:4278: $? = 0
configure:4281: test -s conftest.o
configure:4284: $? = 0
configure:4295: result: yes
configure:4249: checking for unistd.h
configure:4265: gcc -c -g -O2  conftest.c >&5
configure:4271: $? = 0
configure:4275: test -z 
			 || test ! -s conftest.err
configure:4278: $? = 0
configure:4281: test -s conftest.o
configure:4284: $? = 0
configure:4295: result: yes
configure:4321: checking dlfcn.h usability
configure:4333: gcc -c -g -O2  conftest.c >&5
configure:4339: $? = 0
configure:4343: test -z 
			 || test ! -s conftest.err
configure:4346: $? = 0
configure:4349: test -s conftest.o
configure:4352: $? = 0
configure:4362: result: yes
configure:4366: checking dlfcn.h presence
configure:4376: gcc -E  conftest.c
configure:4382: $? = 0
configure:4402: result: yes
configure:4437: checking for dlfcn.h
configure:4444: result: yes
configure:4509: checking for g++
configure:4525: found /usr/bin/g++
configure:4535: result: g++
configure:4551: checking for C++ compiler version
configure:4554: g++ --version </dev/null >&5
g++ (GCC) 4.0.3 (Ubuntu 4.0.3-1ubuntu4)
Copyright (C) 2006 Free Software Foundation, Inc.
This is free software; see the source for copying conditions.  There is NO
warranty; not even for MERCHANTABILITY or FITNESS FOR A PARTICULAR PURPOSE.

configure:4557: $? = 0
configure:4559: g++ -v </dev/null >&5
Using built-in specs.
Target: powerpc-linux-gnu
Configured with: ../src/configure -v --enable-languages=c,c++,java,f95,objc,ada,treelang --prefix=/usr --enable-shared --with-system-zlib --libexecdir=/usr/lib --without-included-gettext --enable-threads=posix --enable-nls --program-suffix=-4.0 --enable-__cxa_atexit --enable-clocale=gnu --enable-libstdcxx-debug --enable-java-awt=gtk-default --enable-gtk-cairo --with-java-home=/usr/lib/jvm/java-1.4.2-gcj-4.0-1.4.2.0/jre --enable-mpfr --disable-softfloat --enable-targets=powerpc-linux,powerpc64-linux --with-cpu=default32 --disable-werror --enable-checking=release powerpc-linux-gnu
Thread model: posix
gcc version 4.0.3 (Ubuntu 4.0.3-1ubuntu4)
configure:4562: $? = 0
configure:4564: g++ -V </dev/null >&5
g++: '-V' option must have argument
configure:4567: $? = 1
configure:4570: checking whether we are using the GNU C++ compiler
configure:4594: g++ -c   conftest.cc >&5
configure:4600: $? = 0
configure:4604: test -z 
			 || test ! -s conftest.err
configure:4607: $? = 0
configure:4610: test -s conftest.o
configure:4613: $? = 0
configure:4626: result: yes
configure:4632: checking whether g++ accepts -g
configure:4653: g++ -c -g  conftest.cc >&5
configure:4659: $? = 0
configure:4663: test -z 
			 || test ! -s conftest.err
configure:4666: $? = 0
configure:4669: test -s conftest.o
configure:4672: $? = 0
configure:4683: result: yes
configure:4725: g++ -c -g -O2  conftest.cc >&5
configure:4731: $? = 0
configure:4735: test -z 
			 || test ! -s conftest.err
configure:4738: $? = 0
configure:4741: test -s conftest.o
configure:4744: $? = 0
configure:4770: g++ -c -g -O2  conftest.cc >&5
conftest.cc: In function 'int main()':
conftest.cc:26: error: 'exit' was not declared in this scope
configure:4776: $? = 1
configure: failed program was:
| /* confdefs.h.  */
| 
| #define PACKAGE_NAME ""
| #define PACKAGE_TARNAME ""
| #define PACKAGE_VERSION ""
| #define PACKAGE_STRING ""
| #define PACKAGE_BUGREPORT ""
| #define PACKAGE "fusecram"
| #define VERSION "20051029"
| #define STDC_HEADERS 1
| #define HAVE_SYS_TYPES_H 1
| #define HAVE_SYS_STAT_H 1
| #define HAVE_STDLIB_H 1
| #define HAVE_STRING_H 1
| #define HAVE_MEMORY_H 1
| #define HAVE_STRINGS_H 1
| #define HAVE_INTTYPES_H 1
| #define HAVE_STDINT_H 1
| #define HAVE_UNISTD_H 1
| #define HAVE_DLFCN_H 1
| /* end confdefs.h.  */
| 
| int
| main ()
| {
| exit (42);
|   ;
|   return 0;
| }
configure:4725: g++ -c -g -O2  conftest.cc >&5
configure:4731: $? = 0
configure:4735: test -z 
			 || test ! -s conftest.err
configure:4738: $? = 0
configure:4741: test -s conftest.o
configure:4744: $? = 0
configure:4770: g++ -c -g -O2  conftest.cc >&5
configure:4776: $? = 0
configure:4780: test -z 
			 || test ! -s conftest.err
configure:4783: $? = 0
configure:4786: test -s conftest.o
configure:4789: $? = 0
configure:4814: checking dependency style of g++
configure:4904: result: gcc3
configure:4931: checking how to run the C++ preprocessor
configure:4962: g++ -E  conftest.cc
configure:4968: $? = 0
configure:5000: g++ -E  conftest.cc
conftest.cc:25:28: error: ac_nonexistent.h: No such file or directory
configure:5006: $? = 1
configure: failed program was:
| /* confdefs.h.  */
| 
| #define PACKAGE_NAME ""
| #define PACKAGE_TARNAME ""
| #define PACKAGE_VERSION ""
| #define PACKAGE_STRING ""
| #define PACKAGE_BUGREPORT ""
| #define PACKAGE "fusecram"
| #define VERSION "20051029"
| #define STDC_HEADERS 1
| #define HAVE_SYS_TYPES_H 1
| #define HAVE_SYS_STAT_H 1
| #define HAVE_STDLIB_H 1
| #define HAVE_STRING_H 1
| #define HAVE_MEMORY_H 1
| #define HAVE_STRINGS_H 1
| #define HAVE_INTTYPES_H 1
| #define HAVE_STDINT_H 1
| #define HAVE_UNISTD_H 1
| #define HAVE_DLFCN_H 1
| #ifdef __cplusplus
| extern "C" void std::exit (int) throw (); using std::exit;
| #endif
| /* end confdefs.h.  */
| #include <ac_nonexistent.h>
configure:5045: result: g++ -E
configure:5069: g++ -E  conftest.cc
configure:5075: $? = 0
configure:5107: g++ -E  conftest.cc
conftest.cc:25:28: error: ac_nonexistent.h: No such file or directory
configure:5113: $? = 1
configure: failed program was:
| /* confdefs.h.  */
| 
| #define PACKAGE_NAME ""
| #define PACKAGE_TARNAME ""
| #define PACKAGE_VERSION ""
| #define PACKAGE_STRING ""
| #define PACKAGE_BUGREPORT ""
| #define PACKAGE "fusecram"
| #define VERSION "20051029"
| #define STDC_HEADERS 1
| #define HAVE_SYS_TYPES_H 1
| #define HAVE_SYS_STAT_H 1
| #define HAVE_STDLIB_H 1
| #define HAVE_STRING_H 1
| #define HAVE_MEMORY_H 1
| #define HAVE_STRINGS_H 1
| #define HAVE_INTTYPES_H 1
| #define HAVE_STDINT_H 1
| #define HAVE_UNISTD_H 1
| #define HAVE_DLFCN_H 1
| #ifdef __cplusplus
| extern "C" void std::exit (int) throw (); using std::exit;
| #endif
| /* end confdefs.h.  */
| #include <ac_nonexistent.h>
configure:5210: checking for g77
configure:5239: result: no
configure:5210: checking for f77
configure:5239: result: no
configure:5210: checking for xlf
configure:5239: result: no
configure:5210: checking for frt
configure:5239: result: no
configure:5210: checking for pgf77
configure:5239: result: no
configure:5210: checking for fort77
configure:5239: result: no
configure:5210: checking for fl32
configure:5239: result: no
configure:5210: checking for af77
configure:5239: result: no
configure:5210: checking for f90
configure:5239: result: no
configure:5210: checking for xlf90
configure:5239: result: no
configure:5210: checking for pgf90
configure:5239: result: no
configure:5210: checking for epcf90
configure:5239: result: no
configure:5210: checking for f95
configure:5239: result: no
configure:5210: checking for fort
configure:5239: result: no
configure:5210: checking for xlf95
configure:5239: result: no
configure:5210: checking for ifc
configure:5239: result: no
configure:5210: checking for efc
configure:5239: result: no
configure:5210: checking for pgf95
configure:5239: result: no
configure:5210: checking for lf95
configure:5239: result: no
configure:5210: checking for gfortran
configure:5239: result: no
configure:5251: checking for Fortran 77 compiler version
configure:5254:  --version </dev/null >&5
./configure: line 5255: --version: command not found
configure:5257: $? = 127
configure:5259:  -v </dev/null >&5
./configure: line 5260: -v: command not found
configure:5262: $? = 127
configure:5264:  -V </dev/null >&5
./configure: line 5265: -V: command not found
configure:5267: $? = 127
configure:5275: checking whether we are using the GNU Fortran 77 compiler
configure:5289:  -c  conftest.F >&5
./configure: line 5290: -c: command not found
configure:5295: $? = 127
configure: failed program was:
|       program main
| #ifndef __GNUC__
|        choke me
| #endif
| 
|       end
configure:5321: result: no
configure:5327: checking whether  accepts -g
configure:5339:  -c -g conftest.f >&5
./configure: line 5340: -c: command not found
configure:5345: $? = 127
configure: failed program was:
|       program main
| 
|       end
configure:5370: result: no
configure:5400: checking the maximum length of command line arguments
configure:5492: result: 32768
configure:5503: checking command to parse /usr/bin/nm -B output from gcc object
configure:5599: gcc -c -g -O2  conftest.c >&5
configure:5602: $? = 0
configure:5606: /usr/bin/nm -B conftest.o \| sed -n -e 's/^.*[ 	]\([ABCDGIRSTW][ABCDGIRSTW]*\)[ 	][ 	]*\([_A-Za-z][_A-Za-z0-9]*\)$/\1 \2 \2/p' \> conftest.nm
configure:5609: $? = 0
configure:5661: gcc -o conftest -g -O2   conftest.c conftstm.o >&5
configure:5664: $? = 0
configure:5702: result: ok
configure:5706: checking for objdir
configure:5721: result: .libs
configure:5811: checking for ar
configure:5827: found /usr/bin/ar
configure:5838: result: ar
configure:5891: checking for ranlib
configure:5907: found /usr/bin/ranlib
configure:5918: result: ranlib
configure:5971: checking for strip
configure:5987: found /usr/bin/strip
configure:5998: result: strip
configure:6220: checking for correct ltmain.sh version
configure:6250: result: yes
configure:6326: checking if gcc static flag  works
configure:6354: result: yes
configure:6372: checking if gcc supports -fno-rtti -fno-exceptions
configure:6390: gcc -c -g -O2  -fno-rtti -fno-exceptions conftest.c >&5
cc1: warning: command line option "-fno-rtti" is valid for C++/ObjC++ but not for C
configure:6394: $? = 0
configure:6407: result: no
configure:6422: checking for gcc option to produce PIC
configure:6626: result: -fPIC
configure:6634: checking if gcc PIC flag -fPIC works
configure:6652: gcc -c -g -O2  -fPIC -DPIC conftest.c >&5
configure:6656: $? = 0
configure:6669: result: yes
configure:6693: checking if gcc supports -c -o file.o
configure:6714: gcc -c -g -O2  -o out/conftest2.o conftest.c >&5
configure:6718: $? = 0
configure:6740: result: yes
configure:6766: checking whether the gcc linker (/usr/bin/ld) supports shared libraries
configure:7662: result: yes
configure:7688: checking whether -lc should be explicitly linked in
configure:7693: gcc -c -g -O2  conftest.c >&5
configure:7696: $? = 0
configure:7710: gcc -shared conftest.o  -v -Wl,-soname -Wl,conftest -o conftest 2\>\&1 \| grep  -lc  \>/dev/null 2\>\&1
configure:7713: $? = 0
configure:7725: result: no
configure:7733: checking dynamic linker characteristics
configure:8334: result: GNU/Linux ld.so
configure:8338: checking how to hardcode library paths into programs
configure:8363: result: immediate
configure:8377: checking whether stripping libraries is possible
configure:8382: result: yes
configure:9212: checking if libtool supports shared libraries
configure:9214: result: yes
configure:9217: checking whether to build shared libraries
configure:9238: result: yes
configure:9241: checking whether to build static libraries
configure:9245: result: yes
configure:9337: creating libtool
configure:9915: checking for ld used by g++
configure:9982: result: /usr/bin/ld
configure:9991: checking if the linker (/usr/bin/ld) is GNU ld
configure:10006: result: yes
configure:10057: checking whether the g++ linker (/usr/bin/ld) supports shared libraries
configure:10944: result: yes
configure:10962: g++ -c -g -O2  conftest.cc >&5
configure:10965: $? = 0
configure:11061: checking for g++ option to produce PIC
configure:11329: result: -fPIC
configure:11337: checking if g++ PIC flag -fPIC works
configure:11355: g++ -c -g -O2  -fPIC -DPIC conftest.cc >&5
configure:11359: $? = 0
configure:11372: result: yes
configure:11396: checking if g++ supports -c -o file.o
configure:11417: g++ -c -g -O2  -o out/conftest2.o conftest.cc >&5
configure:11421: $? = 0
configure:11443: result: yes
configure:11469: checking whether the g++ linker (/usr/bin/ld) supports shared libraries
configure:11494: result: yes
configure:11565: checking dynamic linker characteristics
configure:12166: result: GNU/Linux ld.so
configure:12170: checking how to hardcode library paths into programs
configure:12195: result: immediate
configure:12209: checking whether stripping libraries is possible
configure:12214: result: yes
configure:19948: creating ./config.status

## ---------------------- ##
## Running config.status. ##
## ---------------------- ##

This file was extended by config.status, which was
generated by GNU Autoconf 2.59.  Invocation command line was

  CONFIG_FILES    = 
  CONFIG_HEADERS  = 
  CONFIG_LINKS    = 
  CONFIG_COMMANDS = 
  $ ./config.status 

on paolo

config.status:717: creating Makefile
config.status:717: creating src/Makefile
config.status:717: creating linux/Makefile
config.status:717: creating zAppRun/Makefile
config.status:821: creating config.h
config.status:1109: executing depfiles commands

## ---------------- ##
## Cache variables. ##
## ---------------- ##

ac_cv_build=powerpc-unknown-linux-gnu
ac_cv_build_alias=powerpc-unknown-linux-gnu
ac_cv_c_compiler_gnu=yes
ac_cv_cxx_compiler_gnu=yes
ac_cv_env_CC_set=
ac_cv_env_CC_value=
ac_cv_env_CFLAGS_set=
ac_cv_env_CFLAGS_value=
ac_cv_env_CPPFLAGS_set=
ac_cv_env_CPPFLAGS_value=
ac_cv_env_CPP_set=
ac_cv_env_CPP_value=
ac_cv_env_CXXCPP_set=
ac_cv_env_CXXCPP_value=
ac_cv_env_CXXFLAGS_set=
ac_cv_env_CXXFLAGS_value=
ac_cv_env_CXX_set=
ac_cv_env_CXX_value=
ac_cv_env_F77_set=
ac_cv_env_F77_value=
ac_cv_env_FFLAGS_set=
ac_cv_env_FFLAGS_value=
ac_cv_env_LDFLAGS_set=
ac_cv_env_LDFLAGS_value=
ac_cv_env_build_alias_set=
ac_cv_env_build_alias_value=
ac_cv_env_host_alias_set=
ac_cv_env_host_alias_value=
ac_cv_env_target_alias_set=
ac_cv_env_target_alias_value=
ac_cv_exeext=
ac_cv_f77_compiler_gnu=no
ac_cv_header_dlfcn_h=yes
ac_cv_header_inttypes_h=yes
ac_cv_header_memory_h=yes
ac_cv_header_stdc=yes
ac_cv_header_stdint_h=yes
ac_cv_header_stdlib_h=yes
ac_cv_header_string_h=yes
ac_cv_header_strings_h=yes
ac_cv_header_sys_stat_h=yes
ac_cv_header_sys_types_h=yes
ac_cv_header_unistd_h=yes
ac_cv_host=powerpc-unknown-linux-gnu
ac_cv_host_alias=powerpc-unknown-linux-gnu
ac_cv_objext=o
ac_cv_path_install='/usr/bin/install -c'
ac_cv_prog_AWK=mawk
ac_cv_prog_CPP='gcc -E'
ac_cv_prog_CXXCPP='g++ -E'
ac_cv_prog_ac_ct_AR=ar
ac_cv_prog_ac_ct_CC=gcc
ac_cv_prog_ac_ct_CXX=g++
ac_cv_prog_ac_ct_RANLIB=ranlib
ac_cv_prog_ac_ct_STRIP=strip
ac_cv_prog_cc_g=yes
ac_cv_prog_cc_stdc=
ac_cv_prog_cxx_g=yes
ac_cv_prog_egrep='grep -E'
ac_cv_prog_f77_g=no
ac_cv_prog_make_make_set=yes
am_cv_CC_dependencies_compiler_type=gcc3
am_cv_CXX_dependencies_compiler_type=gcc3
lt_cv_deplibs_check_method=pass_all
lt_cv_file_magic_cmd='$MAGIC_CMD'
lt_cv_file_magic_test_file=
lt_cv_ld_reload_flag=-r
lt_cv_objdir=.libs
lt_cv_path_LD=/usr/bin/ld
lt_cv_path_LDCXX=/usr/bin/ld
lt_cv_path_NM='/usr/bin/nm -B'
lt_cv_path_SED=/bin/sed
lt_cv_prog_compiler_c_o=yes
lt_cv_prog_compiler_c_o_CXX=yes
lt_cv_prog_compiler_rtti_exceptions=no
lt_cv_prog_gnu_ld=yes
lt_cv_prog_gnu_ldcxx=yes
lt_cv_sys_global_symbol_pipe='sed -n -e '\''s/^.*[ 	]\([ABCDGIRSTW][ABCDGIRSTW]*\)[ 	][ 	]*\([_A-Za-z][_A-Za-z0-9]*\)$/\1 \2 \2/p'\'''
lt_cv_sys_global_symbol_to_c_name_address='sed -n -e '\''s/^: \([^ ]*\) $/  {\"\1\", (lt_ptr) 0},/p'\'' -e '\''s/^[BCDEGRST] \([^ ]*\) \([^ ]*\)$/  {"\2", (lt_ptr) \&\2},/p'\'''
lt_cv_sys_global_symbol_to_cdecl='sed -n -e '\''s/^. .* \(.*\)$/extern int \1;/p'\'''
lt_cv_sys_max_cmd_len=32768
lt_lt_cv_prog_compiler_c_o='"yes"'
lt_lt_cv_prog_compiler_c_o_CXX='"yes"'
lt_lt_cv_sys_global_symbol_pipe='"sed -n -e '\''s/^.*[ 	]\\([ABCDGIRSTW][ABCDGIRSTW]*\\)[ 	][ 	]*\\([_A-Za-z][_A-Za-z0-9]*\\)\$/\\1 \\2 \\2/p'\''"'
lt_lt_cv_sys_global_symbol_to_c_name_address='"sed -n -e '\''s/^: \\([^ ]*\\) \$/  {\\\"\\1\\\", (lt_ptr) 0},/p'\'' -e '\''s/^[BCDEGRST] \\([^ ]*\\) \\([^ ]*\\)\$/  {\"\\2\", (lt_ptr) \\&\\2},/p'\''"'
lt_lt_cv_sys_global_symbol_to_cdecl='"sed -n -e '\''s/^. .* \\(.*\\)\$/extern int \\1;/p'\''"'

## ----------------- ##
## Output variables. ##
## ----------------- ##

ACLOCAL='${SHELL} /home/paolo/Desktop/tesi/fusecram-20051029/missing --run aclocal-1.9'
AMDEPBACKSLASH='\'
AMDEP_FALSE='#'
AMDEP_TRUE=''
AMTAR='${SHELL} /home/paolo/Desktop/tesi/fusecram-20051029/missing --run tar'
AR='ar'
AUTOCONF='${SHELL} /home/paolo/Desktop/tesi/fusecram-20051029/missing --run autoconf'
AUTOHEADER='${SHELL} /home/paolo/Desktop/tesi/fusecram-20051029/missing --run autoheader'
AUTOMAKE='${SHELL} /home/paolo/Desktop/tesi/fusecram-20051029/missing --run automake-1.9'
AWK='mawk'
CC='gcc'
CCDEPMODE='depmode=gcc3'
CFLAGS='-g -O2'
CPP='gcc -E'
CPPFLAGS=''
CXX='g++'
CXXCPP='g++ -E'
CXXDEPMODE='depmode=gcc3'
CXXFLAGS='-g -O2'
CYGPATH_W='echo'
DEFS='-DHAVE_CONFIG_H'
DEPDIR='.deps'
ECHO='echo'
ECHO_C=''
ECHO_N='-n'
ECHO_T=''
EGREP='grep -E'
EXEEXT=''
F77=''
FFLAGS=''
INSTALL_DATA='${INSTALL} -m 644'
INSTALL_PROGRAM='${INSTALL}'
INSTALL_SCRIPT='${INSTALL}'
INSTALL_STRIP_PROGRAM='${SHELL} $(install_sh) -c -s'
LDFLAGS=''
LIBOBJS=''
LIBS=''
LIBTOOL='$(SHELL) $(top_builddir)/libtool'
LN_S='ln -s'
LTLIBOBJS=''
MAKEINFO='${SHELL} /home/paolo/Desktop/tesi/fusecram-20051029/missing --run makeinfo'
OBJEXT='o'
PACKAGE='fusecram'
PACKAGE_BUGREPORT=''
PACKAGE_NAME=''
PACKAGE_STRING=''
PACKAGE_TARNAME=''
PACKAGE_VERSION=''
PATH_SEPARATOR=':'
RANLIB='ranlib'
SET_MAKE=''
SHELL='/bin/sh'
STRIP='strip'
VERSION='20051029'
ac_ct_AR='ar'
ac_ct_CC='gcc'
ac_ct_CXX='g++'
ac_ct_F77=''
ac_ct_RANLIB='ranlib'
ac_ct_STRIP='strip'
am__fastdepCC_FALSE='#'
am__fastdepCC_TRUE=''
am__fastdepCXX_FALSE='#'
am__fastdepCXX_TRUE=''
am__include='include'
am__leading_dot='.'
am__quote=''
am__tar='${AMTAR} chof - "$$tardir"'
am__untar='${AMTAR} xf -'
bindir='${exec_prefix}/bin'
build='powerpc-unknown-linux-gnu'
build_alias=''
build_cpu='powerpc'
build_os='linux-gnu'
build_vendor='unknown'
datadir='${prefix}/share'
exec_prefix='${prefix}'
host='powerpc-unknown-linux-gnu'
host_alias=''
host_cpu='powerpc'
host_os='linux-gnu'
host_vendor='unknown'
includedir='${prefix}/include'
infodir='${prefix}/info'
install_sh='/home/paolo/Desktop/tesi/fusecram-20051029/install-sh'
libdir='${exec_prefix}/lib'
libexecdir='${exec_prefix}/libexec'
localstatedir='${prefix}/var'
mandir='${prefix}/man'
mkdir_p='mkdir -p --'
oldincludedir='/usr/include'
prefix='/usr/local'
program_transform_name='s,x,x,'
sbindir='${exec_prefix}/sbin'
sharedstatedir='${prefix}/com'
sysconfdir='${prefix}/etc'
target_alias=''

## ----------- ##
## confdefs.h. ##
## ----------- ##

#define HAVE_DLFCN_H 1
#define HAVE_INTTYPES_H 1
#define HAVE_MEMORY_H 1
#define HAVE_STDINT_H 1
#define HAVE_STDLIB_H 1
#define HAVE_STRINGS_H 1
#define HAVE_STRING_H 1
#define HAVE_SYS_STAT_H 1
#define HAVE_SYS_TYPES_H 1
#define HAVE_UNISTD_H 1
#define PACKAGE "fusecram"
#define PACKAGE_BUGREPORT ""
#define PACKAGE_NAME ""
#define PACKAGE_STRING ""
#define PACKAGE_TARNAME ""
#define PACKAGE_VERSION ""
#define STDC_HEADERS 1
#define VERSION "20051029"
#endif
#ifdef __cplusplus
extern "C" void std::exit (int) throw (); using std::exit;

configure: exit 0
